<?xml version="1.0" encoding="UTF-8"?>
<!-- Generated by org.testng.reporters.JUnitReportReporter -->
<testsuite skipped="0" hostname="LTIN182094" name="testCases.Test_HomePageVerification" tests="1" failures="0" timestamp="2021-08-30T23:27:04 IST" time="0.057" errors="0">
  <testcase name="verifyingHomePageTitle" time="0.057" classname="testCases.Test_HomePageVerification"/>
  <system-out/>
</testsuite> <!-- testCases.Test_HomePageVerification -->
