<?xml version="1.0" encoding="UTF-8"?>
<!-- Generated by org.testng.reporters.JUnitReportReporter -->
<testsuite skipped="0" hostname="LTIN182094" name="testCases.Test_VideosVerification" tests="1" failures="0" timestamp="2021-08-30T23:27:04 IST" time="0.492" errors="0">
  <testcase name="watchingVideo" time="0.492" classname="testCases.Test_VideosVerification"/>
  <system-out/>
</testsuite> <!-- testCases.Test_VideosVerification -->
