<?xml version="1.0" encoding="UTF-8"?>
<!-- Generated by org.testng.reporters.JUnitReportReporter -->
<testsuite skipped="0" hostname="LTIN182094" name="testCases.Test_LiveStream" tests="1" failures="0" timestamp="2021-08-30T21:44:42 IST" time="3.508" errors="0">
  <testcase name="navigatingLiveStreamTab" time="3.508" classname="testCases.Test_LiveStream"/>
  <system-out/>
</testsuite> <!-- testCases.Test_LiveStream -->
